>>>>>>>>> 2019-04-25 01:56:53
>>>>>>>>> 2019-04-25 01:59:14<xml><ToUserName><![CDATA[gh_6a4f70b5eed6]]></ToUserName>
<FromUserName><![CDATA[od-A-1FwnuCU3XUp3HU6wtIuDw48]]></FromUserName>
<CreateTime>1555396243</CreateTime>
<MsgType><![CDATA[text]]></MsgType>
<Content><![CDATA["最新商品"]]></Content>
<MsgId>22267922250759760</MsgId>
</xml>
>>>>>>>>> 2019-04-25 01:59:45<xml><ToUserName><![CDATA[gh_6a4f70b5eed6]]></ToUserName>
<FromUserName><![CDATA[od-A-1FwnuCU3XUp3HU6wtIuDw48]]></FromUserName>
<CreateTime>1555396243</CreateTime>
<MsgType><![CDATA[text]]></MsgType>
<Content><![CDATA["最新商品"]]></Content>
<MsgId>22267922250759760</MsgId>
</xml>
>>>>>>>>> 2019-04-25 02:04:44<xml><ToUserName><![CDATA[gh_b4d6b624210e]]></ToUserName>
<FromUserName><![CDATA[o_SCi56oSBf9UiFdtryV4lTy3QB8]]></FromUserName>
<CreateTime>1556157883</CreateTime>
<MsgType><![CDATA[event]]></MsgType>
<Event><![CDATA[subscribe]]></Event>
<EventKey><![CDATA[]]></EventKey>
</xml>
>>>>>>>>> 2019-04-25 02:12:03<xml><ToUserName><![CDATA[gh_6a4f70b5eed6]]></ToUserName>
<FromUserName><![CDATA[od-A-1FwnuCU3XUp3HU6wtIuDw48]]></FromUserName>
<CreateTime>1555396243</CreateTime>
<MsgType><![CDATA[text]]></MsgType>
<Content><![CDATA["最新商品"]]></Content>
<MsgId>22267922250759760</MsgId>
</xml>
>>>>>>>>> 2019-04-25 02:12:14<xml><ToUserName><![CDATA[gh_6a4f70b5eed6]]></ToUserName>
<FromUserName><![CDATA[od-A-1FwnuCU3XUp3HU6wtIuDw48]]></FromUserName>
<CreateTime>1555396243</CreateTime>
<MsgType><![CDATA[text]]></MsgType>
<Content><![CDATA["最新商品"]]></Content>
<MsgId>22267922250759760</MsgId>
</xml>
>>>>>>>>> 2019-04-26 01:14:51<xml><ToUserName><![CDATA[gh_b4d6b624210e]]></ToUserName>
<FromUserName><![CDATA[o_SCi59zExh3U4eljuDQyhfBvMRY]]></FromUserName>
<CreateTime>1556241281</CreateTime>
<MsgType><![CDATA[event]]></MsgType>
<Event><![CDATA[subscribe]]></Event>
<EventKey><![CDATA[]]></EventKey>
</xml>
>>>>>>>>> 2019-04-26 01:16:23<xml><ToUserName><![CDATA[gh_b4d6b624210e]]></ToUserName>
<FromUserName><![CDATA[o_SCi59zExh3U4eljuDQyhfBvMRY]]></FromUserName>
<CreateTime>1556241383</CreateTime>
<MsgType><![CDATA[text]]></MsgType>
<Content><![CDATA[阿拉善左旗＋11℃]]></Content>
<MsgId>22280018867135902</MsgId>
</xml>
>>>>>>>>> 2019-04-26 01:25:48<xml><ToUserName><![CDATA[gh_b4d6b624210e]]></ToUserName>
<FromUserName><![CDATA[o_SCi56oSBf9UiFdtryV4lTy3QB8]]></FromUserName>
<CreateTime>1556241948</CreateTime>
<MsgType><![CDATA[text]]></MsgType>
<Content><![CDATA[安阳+天气]]></Content>
<MsgId>22280029853937638</MsgId>
</xml>
>>>>>>>>> 2019-05-05 06:47:07<xml><ToUserName><![CDATA[gh_b4d6b624210e]]></ToUserName>
<FromUserName><![CDATA[o_SCi55LKGDJHB19ZBe55X3DeixA]]></FromUserName>
<CreateTime>1557038826</CreateTime>
<MsgType><![CDATA[text]]></MsgType>
<Content><![CDATA[，]]></Content>
<MsgId>22291435426124431</MsgId>
</xml>
>>>>>>>>> 2019-05-05 06:47:10<xml><ToUserName><![CDATA[gh_b4d6b624210e]]></ToUserName>
<FromUserName><![CDATA[o_SCi55LKGDJHB19ZBe55X3DeixA]]></FromUserName>
<CreateTime>1557038820</CreateTime>
<MsgType><![CDATA[event]]></MsgType>
<Event><![CDATA[subscribe]]></Event>
<EventKey><![CDATA[]]></EventKey>
</xml>
>>>>>>>>> 2019-05-05 06:47:24<xml><ToUserName><![CDATA[gh_b4d6b624210e]]></ToUserName>
<FromUserName><![CDATA[o_SCi55LKGDJHB19ZBe55X3DeixA]]></FromUserName>
<CreateTime>1557038843</CreateTime>
<MsgType><![CDATA[text]]></MsgType>
<Content><![CDATA[北京天气]]></Content>
<MsgId>22291438306147881</MsgId>
</xml>
>>>>>>>>> 2019-05-05 06:47:39<xml><ToUserName><![CDATA[gh_b4d6b624210e]]></ToUserName>
<FromUserName><![CDATA[o_SCi55LKGDJHB19ZBe55X3DeixA]]></FromUserName>
<CreateTime>1557038859</CreateTime>
<MsgType><![CDATA[text]]></MsgType>
<Content><![CDATA[北京＋天气]]></Content>
<MsgId>22291436051385865</MsgId>
</xml>
>>>>>>>>> 2019-05-05 06:48:35<xml><ToUserName><![CDATA[gh_b4d6b624210e]]></ToUserName>
<FromUserName><![CDATA[o_SCi56oSBf9UiFdtryV4lTy3QB8]]></FromUserName>
<CreateTime>1557038905</CreateTime>
<MsgType><![CDATA[text]]></MsgType>
<Content><![CDATA[安阳+天气]]></Content>
<MsgId>22291436092667148</MsgId>
</xml>
>>>>>>>>> 2019-05-05 06:48:52<xml><ToUserName><![CDATA[gh_b4d6b624210e]]></ToUserName>
<FromUserName><![CDATA[o_SCi56oSBf9UiFdtryV4lTy3QB8]]></FromUserName>
<CreateTime>1557038932</CreateTime>
<MsgType><![CDATA[text]]></MsgType>
<Content><![CDATA[北京+天气]]></Content>
<MsgId>22291437915494276</MsgId>
</xml>
